<?xml version="1.0" encoding="UTF-8"?>
<testng-results ignored="0" total="1" passed="1" failed="0" skipped="0">
  <reporter-output>
  </reporter-output>
  <suite started-at="2020-03-19T15:03:52 IST" name="Default suite" finished-at="2020-03-19T15:04:14 IST" duration-ms="21375">
    <groups>
    </groups>
    <test started-at="2020-03-19T15:03:52 IST" name="Default test" finished-at="2020-03-19T15:04:14 IST" duration-ms="21375">
      <class name="com.turnkey.floowdrive.testcases.Login">
        <test-method is-config="true" signature="befo()[pri:0, instance:com.turnkey.floowdrive.testcases.Login@61dd025]" started-at="2020-03-19T15:03:52 IST" name="befo" finished-at="2020-03-19T15:04:04 IST" duration-ms="11280" status="PASS">
          <reporter-output>
          </reporter-output>
        </test-method> <!-- befo -->
        <test-method is-config="true" signature="befMethod()[pri:0, instance:com.turnkey.floowdrive.testcases.Login@61dd025]" started-at="2020-03-19T15:04:04 IST" name="befMethod" finished-at="2020-03-19T15:04:04 IST" duration-ms="189" status="PASS">
          <reporter-output>
          </reporter-output>
        </test-method> <!-- befMethod -->
        <test-method signature="login()[pri:0, instance:com.turnkey.floowdrive.testcases.Login@61dd025]" started-at="2020-03-19T15:04:04 IST" name="login" finished-at="2020-03-19T15:04:14 IST" duration-ms="9863" status="PASS">
          <reporter-output>
          </reporter-output>
        </test-method> <!-- login -->
      </class> <!-- com.turnkey.floowdrive.testcases.Login -->
    </test> <!-- Default test -->
  </suite> <!-- Default suite -->
</testng-results>
